<?xml version="1.0" encoding="UTF-8"?>
<!-- Generated by org.testng.reporters.JUnitReportReporter -->
<testsuite skipped="0" hostname="BHUPALAM" name="com.amazon.testcases.TC01_LoginTestcase" tests="1" failures="0" timestamp="15 Jul 2019 17:12:42 GMT" time="86.465" errors="0">
  <testcase name="LoginTestcase" time="86.465" classname="com.amazon.testcases.TC01_LoginTestcase"/>
</testsuite> <!-- com.amazon.testcases.TC01_LoginTestcase -->
