<?xml version="1.0" encoding="UTF-8"?>
<!-- Generated by org.testng.reporters.JUnitReportReporter -->
<testsuite skipped="0" hostname="BHUPALAM" name="com.amazon.testcases.TC02_YourOrdersTestcase" tests="1" failures="0" timestamp="15 Jul 2019 02:51:14 GMT" time="184.560" errors="0">
  <testcase name="yourOrdersTestcase" time="184.560" classname="com.amazon.testcases.TC02_YourOrdersTestcase"/>
</testsuite> <!-- com.amazon.testcases.TC02_YourOrdersTestcase -->
